[0.086s] DEBUG:colcon:Command line arguments: ['/usr/bin/colcon', 'list', '-p', '--base-paths', '/home/tony/PerlasNegras']
[0.086s] DEBUG:colcon:Parsed command line arguments: Namespace(log_base=None, log_level=None, verb_name='list', build_base='build', ignore_user_meta=False, metas=['./colcon.meta'], base_paths=['/home/tony/PerlasNegras'], packages_ignore=None, packages_ignore_regex=None, paths=None, packages_up_to=None, packages_up_to_regex=None, packages_above=None, packages_above_and_dependencies=None, packages_above_depth=None, packages_select_by_dep=None, packages_skip_by_dep=None, packages_skip_up_to=None, packages_select_build_failed=False, packages_skip_build_finished=False, packages_select_test_failures=False, packages_skip_test_passed=False, packages_select=None, packages_skip=None, packages_select_regex=None, packages_skip_regex=None, packages_start=None, packages_end=None, allow_overriding=[], topological_order=False, names_only=False, paths_only=True, topological_graph=False, topological_graph_dot=False, topological_graph_density=False, topological_graph_legend=False, topological_graph_dot_cluster=False, topological_graph_dot_include_skipped=False, mixin_files=None, mixin=None, verb_parser=<colcon_mixin.mixin.mixin_argument.MixinArgumentDecorator object at 0x7a932966be20>, verb_extension=<colcon_package_information.verb.list.ListVerb object at 0x7a932966ada0>, main=<bound method ListVerb.main of <colcon_package_information.verb.list.ListVerb object at 0x7a932966ada0>>, mixin_verb=('list',))
[0.204s] Level 1:colcon.colcon_core.package_discovery:discover_packages(colcon_meta) check parameters
[0.204s] Level 1:colcon.colcon_core.package_discovery:discover_packages(recursive) check parameters
[0.204s] Level 1:colcon.colcon_core.package_discovery:discover_packages(ignore) check parameters
[0.204s] Level 1:colcon.colcon_core.package_discovery:discover_packages(path) check parameters
[0.204s] Level 1:colcon.colcon_core.package_discovery:discover_packages(recursive) discover
[0.204s] INFO:colcon.colcon_core.package_discovery:Crawling recursively for packages in '/home/tony/PerlasNegras'
[0.204s] Level 1:colcon.colcon_core.package_identification:_identify(/home/tony/PerlasNegras) by extensions ['ignore', 'ignore_ament_install']
[0.205s] Level 1:colcon.colcon_core.package_identification:_identify(/home/tony/PerlasNegras) by extension 'ignore'
[0.205s] Level 1:colcon.colcon_core.package_identification:_identify(/home/tony/PerlasNegras) by extension 'ignore_ament_install'
[0.205s] Level 1:colcon.colcon_core.package_identification:_identify(/home/tony/PerlasNegras) by extensions ['colcon_pkg']
[0.205s] Level 1:colcon.colcon_core.package_identification:_identify(/home/tony/PerlasNegras) by extension 'colcon_pkg'
[0.205s] Level 1:colcon.colcon_core.package_identification:_identify(/home/tony/PerlasNegras) by extensions ['colcon_meta']
[0.205s] Level 1:colcon.colcon_core.package_identification:_identify(/home/tony/PerlasNegras) by extension 'colcon_meta'
[0.205s] Level 1:colcon.colcon_core.package_identification:_identify(/home/tony/PerlasNegras) by extensions ['ros']
[0.205s] Level 1:colcon.colcon_core.package_identification:_identify(/home/tony/PerlasNegras) by extension 'ros'
[0.212s] Level 1:colcon.colcon_core.package_identification:_identify(/home/tony/PerlasNegras) by extensions ['cmake', 'python']
[0.212s] Level 1:colcon.colcon_core.package_identification:_identify(/home/tony/PerlasNegras) by extension 'cmake'
[0.212s] Level 1:colcon.colcon_core.package_identification:_identify(/home/tony/PerlasNegras) by extension 'python'
[0.212s] Level 1:colcon.colcon_core.package_identification:_identify(/home/tony/PerlasNegras) by extensions ['python_setup_py']
[0.212s] Level 1:colcon.colcon_core.package_identification:_identify(/home/tony/PerlasNegras) by extension 'python_setup_py'
[0.212s] Level 1:colcon.colcon_core.package_identification:_identify(/home/tony/PerlasNegras/build) by extensions ['ignore', 'ignore_ament_install']
[0.212s] Level 1:colcon.colcon_core.package_identification:_identify(/home/tony/PerlasNegras/build) by extension 'ignore'
[0.212s] Level 1:colcon.colcon_core.package_identification:_identify(/home/tony/PerlasNegras/build) ignored
[0.213s] Level 1:colcon.colcon_core.package_identification:_identify(/home/tony/PerlasNegras/install) by extensions ['ignore', 'ignore_ament_install']
[0.213s] Level 1:colcon.colcon_core.package_identification:_identify(/home/tony/PerlasNegras/install) by extension 'ignore'
[0.213s] Level 1:colcon.colcon_core.package_identification:_identify(/home/tony/PerlasNegras/install) ignored
[0.213s] Level 1:colcon.colcon_core.package_identification:_identify(/home/tony/PerlasNegras/log) by extensions ['ignore', 'ignore_ament_install']
[0.213s] Level 1:colcon.colcon_core.package_identification:_identify(/home/tony/PerlasNegras/log) by extension 'ignore'
[0.213s] Level 1:colcon.colcon_core.package_identification:_identify(/home/tony/PerlasNegras/log) ignored
[0.213s] Level 1:colcon.colcon_core.package_identification:_identify(/home/tony/PerlasNegras/src) by extensions ['ignore', 'ignore_ament_install']
[0.213s] Level 1:colcon.colcon_core.package_identification:_identify(/home/tony/PerlasNegras/src) by extension 'ignore'
[0.213s] Level 1:colcon.colcon_core.package_identification:_identify(/home/tony/PerlasNegras/src) by extension 'ignore_ament_install'
[0.213s] Level 1:colcon.colcon_core.package_identification:_identify(/home/tony/PerlasNegras/src) by extensions ['colcon_pkg']
[0.213s] Level 1:colcon.colcon_core.package_identification:_identify(/home/tony/PerlasNegras/src) by extension 'colcon_pkg'
[0.213s] Level 1:colcon.colcon_core.package_identification:_identify(/home/tony/PerlasNegras/src) by extensions ['colcon_meta']
[0.213s] Level 1:colcon.colcon_core.package_identification:_identify(/home/tony/PerlasNegras/src) by extension 'colcon_meta'
[0.213s] Level 1:colcon.colcon_core.package_identification:_identify(/home/tony/PerlasNegras/src) by extensions ['ros']
[0.213s] Level 1:colcon.colcon_core.package_identification:_identify(/home/tony/PerlasNegras/src) by extension 'ros'
[0.215s] DEBUG:colcon.colcon_core.package_identification:Package '/home/tony/PerlasNegras/src' with type 'ros.ament_python' and name 'blackpearls_nav2_puzzlebot'
[0.215s] Level 1:colcon.colcon_core.package_discovery:discover_packages(recursive) using defaults
