/home/tony/PerlasNegras/install/blackpearls_nav2_puzzlebot/lib/python3.10/site-packages/blackpearls_nav2_puzzlebot/shapeDrawer.py
/home/tony/PerlasNegras/install/blackpearls_nav2_puzzlebot/lib/python3.10/site-packages/blackpearls_nav2_puzzlebot/localisation.py
/home/tony/PerlasNegras/install/blackpearls_nav2_puzzlebot/lib/python3.10/site-packages/blackpearls_nav2_puzzlebot/joint_state_publisher.py
/home/tony/PerlasNegras/install/blackpearls_nav2_puzzlebot/lib/python3.10/site-packages/blackpearls_nav2_puzzlebot/__init__.py
/home/tony/PerlasNegras/install/blackpearls_nav2_puzzlebot/lib/python3.10/site-packages/blackpearls_nav2_puzzlebot/puzzlebot_sim.py
/home/tony/PerlasNegras/install/blackpearls_nav2_puzzlebot/lib/python3.10/site-packages/blackpearls_nav2_puzzlebot/point_stabilisation_controller.py
/home/tony/PerlasNegras/install/blackpearls_nav2_puzzlebot/lib/python3.10/site-packages/blackpearls_nav2_puzzlebot/__pycache__/shapeDrawer.cpython-310.pyc
/home/tony/PerlasNegras/install/blackpearls_nav2_puzzlebot/lib/python3.10/site-packages/blackpearls_nav2_puzzlebot/__pycache__/localisation.cpython-310.pyc
/home/tony/PerlasNegras/install/blackpearls_nav2_puzzlebot/lib/python3.10/site-packages/blackpearls_nav2_puzzlebot/__pycache__/joint_state_publisher.cpython-310.pyc
/home/tony/PerlasNegras/install/blackpearls_nav2_puzzlebot/lib/python3.10/site-packages/blackpearls_nav2_puzzlebot/__pycache__/__init__.cpython-310.pyc
/home/tony/PerlasNegras/install/blackpearls_nav2_puzzlebot/lib/python3.10/site-packages/blackpearls_nav2_puzzlebot/__pycache__/puzzlebot_sim.cpython-310.pyc
/home/tony/PerlasNegras/install/blackpearls_nav2_puzzlebot/lib/python3.10/site-packages/blackpearls_nav2_puzzlebot/__pycache__/point_stabilisation_controller.cpython-310.pyc
/home/tony/PerlasNegras/install/blackpearls_nav2_puzzlebot/share/ament_index/resource_index/packages/blackpearls_nav2_puzzlebot
/home/tony/PerlasNegras/install/blackpearls_nav2_puzzlebot/share/blackpearls_nav2_puzzlebot/package.xml
/home/tony/PerlasNegras/install/blackpearls_nav2_puzzlebot/share/blackpearls_nav2_puzzlebot/launch/blackpearls_launch.py
/home/tony/PerlasNegras/install/blackpearls_nav2_puzzlebot/share/blackpearls_nav2_puzzlebot/launch/blackpearls_sim_launch.py
/home/tony/PerlasNegras/install/blackpearls_nav2_puzzlebot/share/blackpearls_nav2_puzzlebot/config
/home/tony/PerlasNegras/install/blackpearls_nav2_puzzlebot/share/blackpearls_nav2_puzzlebot/rviz
/home/tony/PerlasNegras/install/blackpearls_nav2_puzzlebot/share/blackpearls_nav2_puzzlebot/meshes/Puzzlebot_Wheel.stl
/home/tony/PerlasNegras/install/blackpearls_nav2_puzzlebot/share/blackpearls_nav2_puzzlebot/meshes/Puzzlebot_Jetson_Lidar_Edition_Base.stl
/home/tony/PerlasNegras/install/blackpearls_nav2_puzzlebot/share/blackpearls_nav2_puzzlebot/meshes/Puzzlebot_Caster_Wheel.stl
/home/tony/PerlasNegras/install/blackpearls_nav2_puzzlebot/share/blackpearls_nav2_puzzlebot/urdf/puzzlebot.urdf
/home/tony/PerlasNegras/install/blackpearls_nav2_puzzlebot/lib/python3.10/site-packages/blackpearls_nav2_puzzlebot-0.0.0-py3.10.egg-info/dependency_links.txt
/home/tony/PerlasNegras/install/blackpearls_nav2_puzzlebot/lib/python3.10/site-packages/blackpearls_nav2_puzzlebot-0.0.0-py3.10.egg-info/entry_points.txt
/home/tony/PerlasNegras/install/blackpearls_nav2_puzzlebot/lib/python3.10/site-packages/blackpearls_nav2_puzzlebot-0.0.0-py3.10.egg-info/zip-safe
/home/tony/PerlasNegras/install/blackpearls_nav2_puzzlebot/lib/python3.10/site-packages/blackpearls_nav2_puzzlebot-0.0.0-py3.10.egg-info/PKG-INFO
/home/tony/PerlasNegras/install/blackpearls_nav2_puzzlebot/lib/python3.10/site-packages/blackpearls_nav2_puzzlebot-0.0.0-py3.10.egg-info/SOURCES.txt
/home/tony/PerlasNegras/install/blackpearls_nav2_puzzlebot/lib/python3.10/site-packages/blackpearls_nav2_puzzlebot-0.0.0-py3.10.egg-info/top_level.txt
/home/tony/PerlasNegras/install/blackpearls_nav2_puzzlebot/lib/python3.10/site-packages/blackpearls_nav2_puzzlebot-0.0.0-py3.10.egg-info/requires.txt
/home/tony/PerlasNegras/install/blackpearls_nav2_puzzlebot/lib/blackpearls_nav2_puzzlebot/joint_state_publisher
/home/tony/PerlasNegras/install/blackpearls_nav2_puzzlebot/lib/blackpearls_nav2_puzzlebot/localisation
/home/tony/PerlasNegras/install/blackpearls_nav2_puzzlebot/lib/blackpearls_nav2_puzzlebot/point_stabilisation_controller
/home/tony/PerlasNegras/install/blackpearls_nav2_puzzlebot/lib/blackpearls_nav2_puzzlebot/puzzlebot_sim
/home/tony/PerlasNegras/install/blackpearls_nav2_puzzlebot/lib/blackpearls_nav2_puzzlebot/shapeDrawer
