[0.313s] Invoking command in '/home/tony/PerlasNegras/src/blackpearls': PYTHONPATH=/home/tony/PerlasNegras/build/blackpearls_nav2_puzzlebot/prefix_override:/usr/lib/python3/dist-packages/colcon_core/task/python/colcon_distutils_commands:/home/tony/PerlasNegras/install/blackpearls_nav2_puzzlebot/lib/python3.10/site-packages:${PYTHONPATH} /usr/bin/python3 -W ignore:setup.py install is deprecated -W ignore:easy_install command is deprecated setup.py egg_info --egg-base ../../build/blackpearls_nav2_puzzlebot build --build-base /home/tony/PerlasNegras/build/blackpearls_nav2_puzzlebot/build install --record /home/tony/PerlasNegras/build/blackpearls_nav2_puzzlebot/install.log --single-version-externally-managed install_data
[0.436s] running egg_info
[0.437s] creating ../../build/blackpearls_nav2_puzzlebot/blackpearls_nav2_puzzlebot.egg-info
[0.437s] writing ../../build/blackpearls_nav2_puzzlebot/blackpearls_nav2_puzzlebot.egg-info/PKG-INFO
[0.437s] writing dependency_links to ../../build/blackpearls_nav2_puzzlebot/blackpearls_nav2_puzzlebot.egg-info/dependency_links.txt
[0.437s] writing entry points to ../../build/blackpearls_nav2_puzzlebot/blackpearls_nav2_puzzlebot.egg-info/entry_points.txt
[0.437s] writing requirements to ../../build/blackpearls_nav2_puzzlebot/blackpearls_nav2_puzzlebot.egg-info/requires.txt
[0.437s] writing top-level names to ../../build/blackpearls_nav2_puzzlebot/blackpearls_nav2_puzzlebot.egg-info/top_level.txt
[0.437s] writing manifest file '../../build/blackpearls_nav2_puzzlebot/blackpearls_nav2_puzzlebot.egg-info/SOURCES.txt'
[0.438s] reading manifest file '../../build/blackpearls_nav2_puzzlebot/blackpearls_nav2_puzzlebot.egg-info/SOURCES.txt'
[0.438s] adding license file 'LICENSE'
[0.438s] writing manifest file '../../build/blackpearls_nav2_puzzlebot/blackpearls_nav2_puzzlebot.egg-info/SOURCES.txt'
[0.438s] running build
[0.438s] running build_py
[0.438s] creating /home/tony/PerlasNegras/build/blackpearls_nav2_puzzlebot/build
[0.438s] creating /home/tony/PerlasNegras/build/blackpearls_nav2_puzzlebot/build/lib
[0.438s] creating /home/tony/PerlasNegras/build/blackpearls_nav2_puzzlebot/build/lib/blackpearls_nav2_puzzlebot
[0.438s] copying blackpearls_nav2_puzzlebot/shapeDrawer.py -> /home/tony/PerlasNegras/build/blackpearls_nav2_puzzlebot/build/lib/blackpearls_nav2_puzzlebot
[0.438s] copying blackpearls_nav2_puzzlebot/localisation.py -> /home/tony/PerlasNegras/build/blackpearls_nav2_puzzlebot/build/lib/blackpearls_nav2_puzzlebot
[0.439s] copying blackpearls_nav2_puzzlebot/joint_state_publisher.py -> /home/tony/PerlasNegras/build/blackpearls_nav2_puzzlebot/build/lib/blackpearls_nav2_puzzlebot
[0.439s] copying blackpearls_nav2_puzzlebot/__init__.py -> /home/tony/PerlasNegras/build/blackpearls_nav2_puzzlebot/build/lib/blackpearls_nav2_puzzlebot
[0.439s] copying blackpearls_nav2_puzzlebot/puzzlebot_sim.py -> /home/tony/PerlasNegras/build/blackpearls_nav2_puzzlebot/build/lib/blackpearls_nav2_puzzlebot
[0.439s] copying blackpearls_nav2_puzzlebot/point_stabilisation_controller.py -> /home/tony/PerlasNegras/build/blackpearls_nav2_puzzlebot/build/lib/blackpearls_nav2_puzzlebot
[0.439s] running install
[0.439s] running install_lib
[0.439s] creating /home/tony/PerlasNegras/install/blackpearls_nav2_puzzlebot/lib/python3.10/site-packages/blackpearls_nav2_puzzlebot
[0.439s] copying /home/tony/PerlasNegras/build/blackpearls_nav2_puzzlebot/build/lib/blackpearls_nav2_puzzlebot/shapeDrawer.py -> /home/tony/PerlasNegras/install/blackpearls_nav2_puzzlebot/lib/python3.10/site-packages/blackpearls_nav2_puzzlebot
[0.439s] copying /home/tony/PerlasNegras/build/blackpearls_nav2_puzzlebot/build/lib/blackpearls_nav2_puzzlebot/localisation.py -> /home/tony/PerlasNegras/install/blackpearls_nav2_puzzlebot/lib/python3.10/site-packages/blackpearls_nav2_puzzlebot
[0.439s] copying /home/tony/PerlasNegras/build/blackpearls_nav2_puzzlebot/build/lib/blackpearls_nav2_puzzlebot/joint_state_publisher.py -> /home/tony/PerlasNegras/install/blackpearls_nav2_puzzlebot/lib/python3.10/site-packages/blackpearls_nav2_puzzlebot
[0.439s] copying /home/tony/PerlasNegras/build/blackpearls_nav2_puzzlebot/build/lib/blackpearls_nav2_puzzlebot/__init__.py -> /home/tony/PerlasNegras/install/blackpearls_nav2_puzzlebot/lib/python3.10/site-packages/blackpearls_nav2_puzzlebot
[0.439s] copying /home/tony/PerlasNegras/build/blackpearls_nav2_puzzlebot/build/lib/blackpearls_nav2_puzzlebot/puzzlebot_sim.py -> /home/tony/PerlasNegras/install/blackpearls_nav2_puzzlebot/lib/python3.10/site-packages/blackpearls_nav2_puzzlebot
[0.439s] copying /home/tony/PerlasNegras/build/blackpearls_nav2_puzzlebot/build/lib/blackpearls_nav2_puzzlebot/point_stabilisation_controller.py -> /home/tony/PerlasNegras/install/blackpearls_nav2_puzzlebot/lib/python3.10/site-packages/blackpearls_nav2_puzzlebot
[0.440s] byte-compiling /home/tony/PerlasNegras/install/blackpearls_nav2_puzzlebot/lib/python3.10/site-packages/blackpearls_nav2_puzzlebot/shapeDrawer.py to shapeDrawer.cpython-310.pyc
[0.440s] byte-compiling /home/tony/PerlasNegras/install/blackpearls_nav2_puzzlebot/lib/python3.10/site-packages/blackpearls_nav2_puzzlebot/localisation.py to localisation.cpython-310.pyc
[0.440s] byte-compiling /home/tony/PerlasNegras/install/blackpearls_nav2_puzzlebot/lib/python3.10/site-packages/blackpearls_nav2_puzzlebot/joint_state_publisher.py to joint_state_publisher.cpython-310.pyc
[0.441s] byte-compiling /home/tony/PerlasNegras/install/blackpearls_nav2_puzzlebot/lib/python3.10/site-packages/blackpearls_nav2_puzzlebot/__init__.py to __init__.cpython-310.pyc
[0.441s] byte-compiling /home/tony/PerlasNegras/install/blackpearls_nav2_puzzlebot/lib/python3.10/site-packages/blackpearls_nav2_puzzlebot/puzzlebot_sim.py to puzzlebot_sim.cpython-310.pyc
[0.441s] byte-compiling /home/tony/PerlasNegras/install/blackpearls_nav2_puzzlebot/lib/python3.10/site-packages/blackpearls_nav2_puzzlebot/point_stabilisation_controller.py to point_stabilisation_controller.cpython-310.pyc
[0.442s] running install_data
[0.442s] creating /home/tony/PerlasNegras/install/blackpearls_nav2_puzzlebot/share/ament_index
[0.442s] creating /home/tony/PerlasNegras/install/blackpearls_nav2_puzzlebot/share/ament_index/resource_index
[0.442s] creating /home/tony/PerlasNegras/install/blackpearls_nav2_puzzlebot/share/ament_index/resource_index/packages
[0.442s] copying resource/blackpearls_nav2_puzzlebot -> /home/tony/PerlasNegras/install/blackpearls_nav2_puzzlebot/share/ament_index/resource_index/packages
[0.442s] copying package.xml -> /home/tony/PerlasNegras/install/blackpearls_nav2_puzzlebot/share/blackpearls_nav2_puzzlebot
[0.442s] creating /home/tony/PerlasNegras/install/blackpearls_nav2_puzzlebot/share/blackpearls_nav2_puzzlebot/launch
[0.442s] copying launch/blackpearls_launch.py -> /home/tony/PerlasNegras/install/blackpearls_nav2_puzzlebot/share/blackpearls_nav2_puzzlebot/launch
[0.442s] copying launch/blackpearls_sim_launch.py -> /home/tony/PerlasNegras/install/blackpearls_nav2_puzzlebot/share/blackpearls_nav2_puzzlebot/launch
[0.442s] creating /home/tony/PerlasNegras/install/blackpearls_nav2_puzzlebot/share/blackpearls_nav2_puzzlebot/config
[0.442s] creating /home/tony/PerlasNegras/install/blackpearls_nav2_puzzlebot/share/blackpearls_nav2_puzzlebot/rviz
[0.442s] running install_egg_info
[0.443s] Copying ../../build/blackpearls_nav2_puzzlebot/blackpearls_nav2_puzzlebot.egg-info to /home/tony/PerlasNegras/install/blackpearls_nav2_puzzlebot/lib/python3.10/site-packages/blackpearls_nav2_puzzlebot-0.0.0-py3.10.egg-info
[0.443s] running install_scripts
[0.454s] Installing JointStatePublisher script to /home/tony/PerlasNegras/install/blackpearls_nav2_puzzlebot/lib/blackpearls_nav2_puzzlebot
[0.454s] Installing Localisation script to /home/tony/PerlasNegras/install/blackpearls_nav2_puzzlebot/lib/blackpearls_nav2_puzzlebot
[0.454s] Installing PointStabilisationController script to /home/tony/PerlasNegras/install/blackpearls_nav2_puzzlebot/lib/blackpearls_nav2_puzzlebot
[0.454s] Installing puzzlebot_sim script to /home/tony/PerlasNegras/install/blackpearls_nav2_puzzlebot/lib/blackpearls_nav2_puzzlebot
[0.454s] writing list of installed files to '/home/tony/PerlasNegras/build/blackpearls_nav2_puzzlebot/install.log'
[0.468s] Invoked command in '/home/tony/PerlasNegras/src/blackpearls' returned '0': PYTHONPATH=/home/tony/PerlasNegras/build/blackpearls_nav2_puzzlebot/prefix_override:/usr/lib/python3/dist-packages/colcon_core/task/python/colcon_distutils_commands:/home/tony/PerlasNegras/install/blackpearls_nav2_puzzlebot/lib/python3.10/site-packages:${PYTHONPATH} /usr/bin/python3 -W ignore:setup.py install is deprecated -W ignore:easy_install command is deprecated setup.py egg_info --egg-base ../../build/blackpearls_nav2_puzzlebot build --build-base /home/tony/PerlasNegras/build/blackpearls_nav2_puzzlebot/build install --record /home/tony/PerlasNegras/build/blackpearls_nav2_puzzlebot/install.log --single-version-externally-managed install_data
