[0.373s] Invoking command in '/home/tony/PerlasNegras/src': PYTHONPATH=/home/tony/PerlasNegras/build/blackpearls_nav2_puzzlebot/prefix_override:/usr/lib/python3/dist-packages/colcon_core/task/python/colcon_distutils_commands:/home/tony/PerlasNegras/install/blackpearls_nav2_puzzlebot/lib/python3.10/site-packages:${PYTHONPATH} /usr/bin/python3 -W ignore:setup.py install is deprecated -W ignore:easy_install command is deprecated setup.py egg_info --egg-base ../build/blackpearls_nav2_puzzlebot build --build-base /home/tony/PerlasNegras/build/blackpearls_nav2_puzzlebot/build install --record /home/tony/PerlasNegras/build/blackpearls_nav2_puzzlebot/install.log --single-version-externally-managed install_data
[0.491s] running egg_info
[0.491s] creating ../build/blackpearls_nav2_puzzlebot/blackpearls_nav2_puzzlebot.egg-info
[0.491s] writing ../build/blackpearls_nav2_puzzlebot/blackpearls_nav2_puzzlebot.egg-info/PKG-INFO
[0.492s] writing dependency_links to ../build/blackpearls_nav2_puzzlebot/blackpearls_nav2_puzzlebot.egg-info/dependency_links.txt
[0.492s] writing entry points to ../build/blackpearls_nav2_puzzlebot/blackpearls_nav2_puzzlebot.egg-info/entry_points.txt
[0.492s] writing requirements to ../build/blackpearls_nav2_puzzlebot/blackpearls_nav2_puzzlebot.egg-info/requires.txt
[0.492s] writing top-level names to ../build/blackpearls_nav2_puzzlebot/blackpearls_nav2_puzzlebot.egg-info/top_level.txt
[0.492s] writing manifest file '../build/blackpearls_nav2_puzzlebot/blackpearls_nav2_puzzlebot.egg-info/SOURCES.txt'
[0.492s] reading manifest file '../build/blackpearls_nav2_puzzlebot/blackpearls_nav2_puzzlebot.egg-info/SOURCES.txt'
[0.492s] adding license file 'LICENSE'
[0.493s] writing manifest file '../build/blackpearls_nav2_puzzlebot/blackpearls_nav2_puzzlebot.egg-info/SOURCES.txt'
[0.493s] running build
[0.493s] running build_py
[0.493s] creating /home/tony/PerlasNegras/build/blackpearls_nav2_puzzlebot/build
[0.493s] creating /home/tony/PerlasNegras/build/blackpearls_nav2_puzzlebot/build/lib
[0.493s] creating /home/tony/PerlasNegras/build/blackpearls_nav2_puzzlebot/build/lib/blackpearls_nav2_puzzlebot
[0.493s] copying blackpearls_nav2_puzzlebot/shapeDrawer.py -> /home/tony/PerlasNegras/build/blackpearls_nav2_puzzlebot/build/lib/blackpearls_nav2_puzzlebot
[0.493s] copying blackpearls_nav2_puzzlebot/localisation.py -> /home/tony/PerlasNegras/build/blackpearls_nav2_puzzlebot/build/lib/blackpearls_nav2_puzzlebot
[0.493s] copying blackpearls_nav2_puzzlebot/joint_state_publisher.py -> /home/tony/PerlasNegras/build/blackpearls_nav2_puzzlebot/build/lib/blackpearls_nav2_puzzlebot
[0.493s] copying blackpearls_nav2_puzzlebot/__init__.py -> /home/tony/PerlasNegras/build/blackpearls_nav2_puzzlebot/build/lib/blackpearls_nav2_puzzlebot
[0.493s] copying blackpearls_nav2_puzzlebot/puzzlebot_sim.py -> /home/tony/PerlasNegras/build/blackpearls_nav2_puzzlebot/build/lib/blackpearls_nav2_puzzlebot
[0.493s] copying blackpearls_nav2_puzzlebot/point_stabilisation_controller.py -> /home/tony/PerlasNegras/build/blackpearls_nav2_puzzlebot/build/lib/blackpearls_nav2_puzzlebot
[0.493s] running install
[0.493s] running install_lib
[0.493s] creating /home/tony/PerlasNegras/install/blackpearls_nav2_puzzlebot/lib/python3.10/site-packages/blackpearls_nav2_puzzlebot
[0.494s] copying /home/tony/PerlasNegras/build/blackpearls_nav2_puzzlebot/build/lib/blackpearls_nav2_puzzlebot/shapeDrawer.py -> /home/tony/PerlasNegras/install/blackpearls_nav2_puzzlebot/lib/python3.10/site-packages/blackpearls_nav2_puzzlebot
[0.494s] copying /home/tony/PerlasNegras/build/blackpearls_nav2_puzzlebot/build/lib/blackpearls_nav2_puzzlebot/localisation.py -> /home/tony/PerlasNegras/install/blackpearls_nav2_puzzlebot/lib/python3.10/site-packages/blackpearls_nav2_puzzlebot
[0.494s] copying /home/tony/PerlasNegras/build/blackpearls_nav2_puzzlebot/build/lib/blackpearls_nav2_puzzlebot/joint_state_publisher.py -> /home/tony/PerlasNegras/install/blackpearls_nav2_puzzlebot/lib/python3.10/site-packages/blackpearls_nav2_puzzlebot
[0.494s] copying /home/tony/PerlasNegras/build/blackpearls_nav2_puzzlebot/build/lib/blackpearls_nav2_puzzlebot/__init__.py -> /home/tony/PerlasNegras/install/blackpearls_nav2_puzzlebot/lib/python3.10/site-packages/blackpearls_nav2_puzzlebot
[0.494s] copying /home/tony/PerlasNegras/build/blackpearls_nav2_puzzlebot/build/lib/blackpearls_nav2_puzzlebot/puzzlebot_sim.py -> /home/tony/PerlasNegras/install/blackpearls_nav2_puzzlebot/lib/python3.10/site-packages/blackpearls_nav2_puzzlebot
[0.494s] copying /home/tony/PerlasNegras/build/blackpearls_nav2_puzzlebot/build/lib/blackpearls_nav2_puzzlebot/point_stabilisation_controller.py -> /home/tony/PerlasNegras/install/blackpearls_nav2_puzzlebot/lib/python3.10/site-packages/blackpearls_nav2_puzzlebot
[0.494s] byte-compiling /home/tony/PerlasNegras/install/blackpearls_nav2_puzzlebot/lib/python3.10/site-packages/blackpearls_nav2_puzzlebot/shapeDrawer.py to shapeDrawer.cpython-310.pyc
[0.494s] byte-compiling /home/tony/PerlasNegras/install/blackpearls_nav2_puzzlebot/lib/python3.10/site-packages/blackpearls_nav2_puzzlebot/localisation.py to localisation.cpython-310.pyc
[0.494s] byte-compiling /home/tony/PerlasNegras/install/blackpearls_nav2_puzzlebot/lib/python3.10/site-packages/blackpearls_nav2_puzzlebot/joint_state_publisher.py to joint_state_publisher.cpython-310.pyc
[0.495s] byte-compiling /home/tony/PerlasNegras/install/blackpearls_nav2_puzzlebot/lib/python3.10/site-packages/blackpearls_nav2_puzzlebot/__init__.py to __init__.cpython-310.pyc
[0.495s] byte-compiling /home/tony/PerlasNegras/install/blackpearls_nav2_puzzlebot/lib/python3.10/site-packages/blackpearls_nav2_puzzlebot/puzzlebot_sim.py to puzzlebot_sim.cpython-310.pyc
[0.495s] byte-compiling /home/tony/PerlasNegras/install/blackpearls_nav2_puzzlebot/lib/python3.10/site-packages/blackpearls_nav2_puzzlebot/point_stabilisation_controller.py to point_stabilisation_controller.cpython-310.pyc
[0.496s] running install_data
[0.496s] creating /home/tony/PerlasNegras/install/blackpearls_nav2_puzzlebot/share/ament_index
[0.496s] creating /home/tony/PerlasNegras/install/blackpearls_nav2_puzzlebot/share/ament_index/resource_index
[0.496s] creating /home/tony/PerlasNegras/install/blackpearls_nav2_puzzlebot/share/ament_index/resource_index/packages
[0.496s] copying resource/blackpearls_nav2_puzzlebot -> /home/tony/PerlasNegras/install/blackpearls_nav2_puzzlebot/share/ament_index/resource_index/packages
[0.496s] copying package.xml -> /home/tony/PerlasNegras/install/blackpearls_nav2_puzzlebot/share/blackpearls_nav2_puzzlebot
[0.496s] creating /home/tony/PerlasNegras/install/blackpearls_nav2_puzzlebot/share/blackpearls_nav2_puzzlebot/launch
[0.496s] copying launch/blackpearls_launch.py -> /home/tony/PerlasNegras/install/blackpearls_nav2_puzzlebot/share/blackpearls_nav2_puzzlebot/launch
[0.496s] creating /home/tony/PerlasNegras/install/blackpearls_nav2_puzzlebot/share/blackpearls_nav2_puzzlebot/config
[0.496s] creating /home/tony/PerlasNegras/install/blackpearls_nav2_puzzlebot/share/blackpearls_nav2_puzzlebot/rviz
[0.496s] running install_egg_info
[0.497s] Copying ../build/blackpearls_nav2_puzzlebot/blackpearls_nav2_puzzlebot.egg-info to /home/tony/PerlasNegras/install/blackpearls_nav2_puzzlebot/lib/python3.10/site-packages/blackpearls_nav2_puzzlebot-0.0.0-py3.10.egg-info
[0.497s] running install_scripts
[0.507s] Installing JointStatePublisher script to /home/tony/PerlasNegras/install/blackpearls_nav2_puzzlebot/lib/blackpearls_nav2_puzzlebot
[0.507s] Installing Localisation script to /home/tony/PerlasNegras/install/blackpearls_nav2_puzzlebot/lib/blackpearls_nav2_puzzlebot
[0.507s] Installing PointStabilisationController script to /home/tony/PerlasNegras/install/blackpearls_nav2_puzzlebot/lib/blackpearls_nav2_puzzlebot
[0.507s] Installing puzzlebot_sim script to /home/tony/PerlasNegras/install/blackpearls_nav2_puzzlebot/lib/blackpearls_nav2_puzzlebot
[0.507s] writing list of installed files to '/home/tony/PerlasNegras/build/blackpearls_nav2_puzzlebot/install.log'
[0.519s] Invoked command in '/home/tony/PerlasNegras/src' returned '0': PYTHONPATH=/home/tony/PerlasNegras/build/blackpearls_nav2_puzzlebot/prefix_override:/usr/lib/python3/dist-packages/colcon_core/task/python/colcon_distutils_commands:/home/tony/PerlasNegras/install/blackpearls_nav2_puzzlebot/lib/python3.10/site-packages:${PYTHONPATH} /usr/bin/python3 -W ignore:setup.py install is deprecated -W ignore:easy_install command is deprecated setup.py egg_info --egg-base ../build/blackpearls_nav2_puzzlebot build --build-base /home/tony/PerlasNegras/build/blackpearls_nav2_puzzlebot/build install --record /home/tony/PerlasNegras/build/blackpearls_nav2_puzzlebot/install.log --single-version-externally-managed install_data
