running egg_info
creating build/blackpearls_nav2_puzzlebot/blackpearls_nav2_puzzlebot.egg-info
writing build/blackpearls_nav2_puzzlebot/blackpearls_nav2_puzzlebot.egg-info/PKG-INFO
writing dependency_links to build/blackpearls_nav2_puzzlebot/blackpearls_nav2_puzzlebot.egg-info/dependency_links.txt
writing entry points to build/blackpearls_nav2_puzzlebot/blackpearls_nav2_puzzlebot.egg-info/entry_points.txt
writing requirements to build/blackpearls_nav2_puzzlebot/blackpearls_nav2_puzzlebot.egg-info/requires.txt
writing top-level names to build/blackpearls_nav2_puzzlebot/blackpearls_nav2_puzzlebot.egg-info/top_level.txt
writing manifest file 'build/blackpearls_nav2_puzzlebot/blackpearls_nav2_puzzlebot.egg-info/SOURCES.txt'
reading manifest file 'build/blackpearls_nav2_puzzlebot/blackpearls_nav2_puzzlebot.egg-info/SOURCES.txt'
writing manifest file 'build/blackpearls_nav2_puzzlebot/blackpearls_nav2_puzzlebot.egg-info/SOURCES.txt'
running build
running build_py
creating /home/faroya/Desktop/ros2_ws/src/blackpearls_nav2_puzzlebot/build/blackpearls_nav2_puzzlebot/build
creating /home/faroya/Desktop/ros2_ws/src/blackpearls_nav2_puzzlebot/build/blackpearls_nav2_puzzlebot/build/lib
creating /home/faroya/Desktop/ros2_ws/src/blackpearls_nav2_puzzlebot/build/blackpearls_nav2_puzzlebot/build/lib/blackpearls_nav2_puzzlebot
copying blackpearls_nav2_puzzlebot/__init__.py -> /home/faroya/Desktop/ros2_ws/src/blackpearls_nav2_puzzlebot/build/blackpearls_nav2_puzzlebot/build/lib/blackpearls_nav2_puzzlebot
running install
running install_lib
creating /home/faroya/Desktop/ros2_ws/src/blackpearls_nav2_puzzlebot/install/blackpearls_nav2_puzzlebot/lib/python3.10/site-packages/blackpearls_nav2_puzzlebot
copying /home/faroya/Desktop/ros2_ws/src/blackpearls_nav2_puzzlebot/build/blackpearls_nav2_puzzlebot/build/lib/blackpearls_nav2_puzzlebot/__init__.py -> /home/faroya/Desktop/ros2_ws/src/blackpearls_nav2_puzzlebot/install/blackpearls_nav2_puzzlebot/lib/python3.10/site-packages/blackpearls_nav2_puzzlebot
byte-compiling /home/faroya/Desktop/ros2_ws/src/blackpearls_nav2_puzzlebot/install/blackpearls_nav2_puzzlebot/lib/python3.10/site-packages/blackpearls_nav2_puzzlebot/__init__.py to __init__.cpython-310.pyc
running install_data
creating /home/faroya/Desktop/ros2_ws/src/blackpearls_nav2_puzzlebot/install/blackpearls_nav2_puzzlebot/share/ament_index
creating /home/faroya/Desktop/ros2_ws/src/blackpearls_nav2_puzzlebot/install/blackpearls_nav2_puzzlebot/share/ament_index/resource_index
creating /home/faroya/Desktop/ros2_ws/src/blackpearls_nav2_puzzlebot/install/blackpearls_nav2_puzzlebot/share/ament_index/resource_index/packages
copying resource/blackpearls_nav2_puzzlebot -> /home/faroya/Desktop/ros2_ws/src/blackpearls_nav2_puzzlebot/install/blackpearls_nav2_puzzlebot/share/ament_index/resource_index/packages
copying package.xml -> /home/faroya/Desktop/ros2_ws/src/blackpearls_nav2_puzzlebot/install/blackpearls_nav2_puzzlebot/share/blackpearls_nav2_puzzlebot
running install_egg_info
Copying build/blackpearls_nav2_puzzlebot/blackpearls_nav2_puzzlebot.egg-info to /home/faroya/Desktop/ros2_ws/src/blackpearls_nav2_puzzlebot/install/blackpearls_nav2_puzzlebot/lib/python3.10/site-packages/blackpearls_nav2_puzzlebot-0.0.0-py3.10.egg-info
running install_scripts
writing list of installed files to '/home/faroya/Desktop/ros2_ws/src/blackpearls_nav2_puzzlebot/build/blackpearls_nav2_puzzlebot/install.log'
