[0.500s] Invoking command in '/home/faroya/Desktop/ros2_ws/src/blackpearls_nav2_puzzlebot': PYTHONPATH=/home/faroya/Desktop/ros2_ws/src/blackpearls_nav2_puzzlebot/build/blackpearls_nav2_puzzlebot/prefix_override:/usr/lib/python3/dist-packages/colcon_core/task/python/colcon_distutils_commands:/home/faroya/Desktop/ros2_ws/src/blackpearls_nav2_puzzlebot/install/blackpearls_nav2_puzzlebot/lib/python3.10/site-packages:${PYTHONPATH} /usr/bin/python3 -W ignore:setup.py install is deprecated -W ignore:easy_install command is deprecated setup.py egg_info --egg-base build/blackpearls_nav2_puzzlebot build --build-base /home/faroya/Desktop/ros2_ws/src/blackpearls_nav2_puzzlebot/build/blackpearls_nav2_puzzlebot/build install --record /home/faroya/Desktop/ros2_ws/src/blackpearls_nav2_puzzlebot/build/blackpearls_nav2_puzzlebot/install.log --single-version-externally-managed install_data
[0.686s] running egg_info
[0.686s] creating build/blackpearls_nav2_puzzlebot/blackpearls_nav2_puzzlebot.egg-info
[0.686s] writing build/blackpearls_nav2_puzzlebot/blackpearls_nav2_puzzlebot.egg-info/PKG-INFO
[0.687s] writing dependency_links to build/blackpearls_nav2_puzzlebot/blackpearls_nav2_puzzlebot.egg-info/dependency_links.txt
[0.687s] writing entry points to build/blackpearls_nav2_puzzlebot/blackpearls_nav2_puzzlebot.egg-info/entry_points.txt
[0.687s] writing requirements to build/blackpearls_nav2_puzzlebot/blackpearls_nav2_puzzlebot.egg-info/requires.txt
[0.687s] writing top-level names to build/blackpearls_nav2_puzzlebot/blackpearls_nav2_puzzlebot.egg-info/top_level.txt
[0.687s] writing manifest file 'build/blackpearls_nav2_puzzlebot/blackpearls_nav2_puzzlebot.egg-info/SOURCES.txt'
[0.688s] reading manifest file 'build/blackpearls_nav2_puzzlebot/blackpearls_nav2_puzzlebot.egg-info/SOURCES.txt'
[0.689s] writing manifest file 'build/blackpearls_nav2_puzzlebot/blackpearls_nav2_puzzlebot.egg-info/SOURCES.txt'
[0.689s] running build
[0.689s] running build_py
[0.689s] creating /home/faroya/Desktop/ros2_ws/src/blackpearls_nav2_puzzlebot/build/blackpearls_nav2_puzzlebot/build
[0.689s] creating /home/faroya/Desktop/ros2_ws/src/blackpearls_nav2_puzzlebot/build/blackpearls_nav2_puzzlebot/build/lib
[0.689s] creating /home/faroya/Desktop/ros2_ws/src/blackpearls_nav2_puzzlebot/build/blackpearls_nav2_puzzlebot/build/lib/blackpearls_nav2_puzzlebot
[0.689s] copying blackpearls_nav2_puzzlebot/__init__.py -> /home/faroya/Desktop/ros2_ws/src/blackpearls_nav2_puzzlebot/build/blackpearls_nav2_puzzlebot/build/lib/blackpearls_nav2_puzzlebot
[0.689s] running install
[0.689s] running install_lib
[0.690s] creating /home/faroya/Desktop/ros2_ws/src/blackpearls_nav2_puzzlebot/install/blackpearls_nav2_puzzlebot/lib/python3.10/site-packages/blackpearls_nav2_puzzlebot
[0.690s] copying /home/faroya/Desktop/ros2_ws/src/blackpearls_nav2_puzzlebot/build/blackpearls_nav2_puzzlebot/build/lib/blackpearls_nav2_puzzlebot/__init__.py -> /home/faroya/Desktop/ros2_ws/src/blackpearls_nav2_puzzlebot/install/blackpearls_nav2_puzzlebot/lib/python3.10/site-packages/blackpearls_nav2_puzzlebot
[0.690s] byte-compiling /home/faroya/Desktop/ros2_ws/src/blackpearls_nav2_puzzlebot/install/blackpearls_nav2_puzzlebot/lib/python3.10/site-packages/blackpearls_nav2_puzzlebot/__init__.py to __init__.cpython-310.pyc
[0.690s] running install_data
[0.690s] creating /home/faroya/Desktop/ros2_ws/src/blackpearls_nav2_puzzlebot/install/blackpearls_nav2_puzzlebot/share/ament_index
[0.690s] creating /home/faroya/Desktop/ros2_ws/src/blackpearls_nav2_puzzlebot/install/blackpearls_nav2_puzzlebot/share/ament_index/resource_index
[0.690s] creating /home/faroya/Desktop/ros2_ws/src/blackpearls_nav2_puzzlebot/install/blackpearls_nav2_puzzlebot/share/ament_index/resource_index/packages
[0.690s] copying resource/blackpearls_nav2_puzzlebot -> /home/faroya/Desktop/ros2_ws/src/blackpearls_nav2_puzzlebot/install/blackpearls_nav2_puzzlebot/share/ament_index/resource_index/packages
[0.690s] copying package.xml -> /home/faroya/Desktop/ros2_ws/src/blackpearls_nav2_puzzlebot/install/blackpearls_nav2_puzzlebot/share/blackpearls_nav2_puzzlebot
[0.691s] running install_egg_info
[0.692s] Copying build/blackpearls_nav2_puzzlebot/blackpearls_nav2_puzzlebot.egg-info to /home/faroya/Desktop/ros2_ws/src/blackpearls_nav2_puzzlebot/install/blackpearls_nav2_puzzlebot/lib/python3.10/site-packages/blackpearls_nav2_puzzlebot-0.0.0-py3.10.egg-info
[0.692s] running install_scripts
[0.707s] writing list of installed files to '/home/faroya/Desktop/ros2_ws/src/blackpearls_nav2_puzzlebot/build/blackpearls_nav2_puzzlebot/install.log'
[0.748s] Invoked command in '/home/faroya/Desktop/ros2_ws/src/blackpearls_nav2_puzzlebot' returned '0': PYTHONPATH=/home/faroya/Desktop/ros2_ws/src/blackpearls_nav2_puzzlebot/build/blackpearls_nav2_puzzlebot/prefix_override:/usr/lib/python3/dist-packages/colcon_core/task/python/colcon_distutils_commands:/home/faroya/Desktop/ros2_ws/src/blackpearls_nav2_puzzlebot/install/blackpearls_nav2_puzzlebot/lib/python3.10/site-packages:${PYTHONPATH} /usr/bin/python3 -W ignore:setup.py install is deprecated -W ignore:easy_install command is deprecated setup.py egg_info --egg-base build/blackpearls_nav2_puzzlebot build --build-base /home/faroya/Desktop/ros2_ws/src/blackpearls_nav2_puzzlebot/build/blackpearls_nav2_puzzlebot/build install --record /home/faroya/Desktop/ros2_ws/src/blackpearls_nav2_puzzlebot/build/blackpearls_nav2_puzzlebot/install.log --single-version-externally-managed install_data
